<?xml version="1.0" encoding="UTF-8"?>
<!-- Generated by org.testng.reporters.JUnitXMLReporter -->
<testsuite ignored="0" hostname="DESKTOP-3DIQP3L" failures="0" tests="9" name="Default test" time="157.071" errors="0" timestamp="2022-04-01T11:13:22 EEST">
  <testcase classname="testNG.SignUpTest" name="EmptyInputTest" time="2.385"/>
  <testcase classname="testNG.SignUpTest" name="FormatFirstName" time="2.165"/>
  <testcase classname="testNG.SignUpTest" name="FormatLastName" time="2.191"/>
  <testcase classname="testNG.SignUpTest" name="EmailFormatTest" time="2.15"/>
  <testcase classname="testNG.SignUpTest" name="PasswordFormatTest" time="2.135"/>
  <testcase classname="testNG.SignUpTest" name="PasswordConfirmFormatTest" time="2.242"/>
  <testcase classname="testNG.SignUpTest" name="PasswordFieldTest" time="2.055"/>
  <testcase classname="testNG.SignUpTest" name="ValidRegistrationTest" time="2.512"/>
  <testcase classname="testNG.SignUpTest" name="TestLogInLink" time="2.107"/>
</testsuite> <!-- Default test -->
